B:\PAN\数据结构上机实习\SZIPDEMO\DEBUG\SZIPDEMO.EXE
B:\PAN\数据结构上机实习\SZIPDEMO\DEBUG\SZIPDEMO.ILK
B:\PAN\数据结构上机实习\SZIPDEMO\DEBUG\SZIPDEMO.PDB
B:\pan\数据结构上机实习\sZipDemo\sZipDemo\Debug\cl.command.1.tlog
B:\pan\数据结构上机实习\sZipDemo\sZipDemo\Debug\CL.read.1.tlog
B:\pan\数据结构上机实习\sZipDemo\sZipDemo\Debug\CL.write.1.tlog
B:\PAN\数据结构上机实习\SZIPDEMO\SZIPDEMO\DEBUG\HUFFMANTREE.OBJ
B:\pan\数据结构上机实习\sZipDemo\sZipDemo\Debug\link.6772.read.1.tlog
B:\pan\数据结构上机实习\sZipDemo\sZipDemo\Debug\link.6772.write.1.tlog
B:\pan\数据结构上机实习\sZipDemo\sZipDemo\Debug\link.6772-cvtres.read.1.tlog
B:\pan\数据结构上机实习\sZipDemo\sZipDemo\Debug\link.6772-cvtres.write.1.tlog
B:\pan\数据结构上机实习\sZipDemo\sZipDemo\Debug\link.command.1.tlog
B:\pan\数据结构上机实习\sZipDemo\sZipDemo\Debug\link.read.1.tlog
B:\pan\数据结构上机实习\sZipDemo\sZipDemo\Debug\link.write.1.tlog
B:\pan\数据结构上机实习\sZipDemo\sZipDemo\Debug\link-cvtres.read.1.tlog
B:\pan\数据结构上机实习\sZipDemo\sZipDemo\Debug\link-cvtres.write.1.tlog
B:\PAN\数据结构上机实习\SZIPDEMO\SZIPDEMO\DEBUG\MINHEAP.OBJ
B:\pan\数据结构上机实习\sZipDemo\sZipDemo\Debug\mt.command.1.tlog
B:\pan\数据结构上机实习\sZipDemo\sZipDemo\Debug\mt.read.1.tlog
B:\pan\数据结构上机实习\sZipDemo\sZipDemo\Debug\mt.write.1.tlog
B:\pan\数据结构上机实习\sZipDemo\sZipDemo\Debug\rc.command.1.tlog
B:\pan\数据结构上机实习\sZipDemo\sZipDemo\Debug\rc.read.1.tlog
B:\pan\数据结构上机实习\sZipDemo\sZipDemo\Debug\rc.write.1.tlog
B:\PAN\数据结构上机实习\SZIPDEMO\SZIPDEMO\DEBUG\STDAFX.OBJ
B:\PAN\数据结构上机实习\SZIPDEMO\SZIPDEMO\DEBUG\SZIP.OBJ
B:\PAN\数据结构上机实习\SZIPDEMO\SZIPDEMO\DEBUG\SZIPDEMO.EXE.EMBED.MANIFEST
B:\PAN\数据结构上机实习\SZIPDEMO\SZIPDEMO\DEBUG\SZIPDEMO.EXE.EMBED.MANIFEST.RES
B:\PAN\数据结构上机实习\SZIPDEMO\SZIPDEMO\DEBUG\SZIPDEMO.EXE.INTERMEDIATE.MANIFEST
B:\PAN\数据结构上机实习\SZIPDEMO\SZIPDEMO\DEBUG\SZIPDEMO.OBJ
B:\PAN\数据结构上机实习\SZIPDEMO\SZIPDEMO\DEBUG\SZIPDEMO.PCH
B:\pan\数据结构上机实习\sZipDemo\sZipDemo\Debug\sZipDemo.vcxprojResolveAssemblyReference.cache
B:\pan\数据结构上机实习\sZipDemo\sZipDemo\Debug\sZipDemo.write.1.tlog
B:\pan\数据结构上机实习\sZipDemo\sZipDemo\Debug\sZipDemo_manifest.rc
B:\pan\数据结构上机实习\sZipDemo\sZipDemo\Debug\vc100.idb
B:\PAN\数据结构上机实习\SZIPDEMO\SZIPDEMO\DEBUG\VC100.PDB
