生成启动时间为 2016/9/2 16:39:30。
     1>项目“B:\pan\数据结构上机实习\sZipDemo\sZipDemo\sZipDemo.vcxproj”在节点 2 上(build 个目标)。
     1>InitializeBuildStatus:
         正在创建“Debug\sZipDemo.unsuccessfulbuild”，因为已指定“AlwaysCreate”。
       ClCompile:
         所有输出均为最新。
         B:\VS2010\VC\bin\CL.exe /c /ZI /nologo /W3 /WX- /Od /Oy- /D WIN32 /D _DEBUG /D _CONSOLE /D _UNICODE /D UNICODE /Gm /EHsc /RTC1 /MDd /GS /fp:precise /Zc:wchar_t /Zc:forScope /Yu"StdAfx.h" /Fp"Debug\sZipDemo.pch" /Fo"Debug\\" /Fd"Debug\vc100.pdb" /Gd /TP /analyze- /errorReport:prompt sZipDemo.cpp
         sZipDemo.cpp
     1>b:\pan\数据结构上机实习\szipdemo\szipdemo\szipdemo.cpp(20): warning C4244: “初始化”: 从“std::streamsize”转换到“int”，可能丢失数据
       ManifestResourceCompile:
         所有输出均为最新。
       Link:
         B:\VS2010\VC\bin\link.exe /ERRORREPORT:PROMPT /OUT:"B:\pan\数据结构上机实习\sZipDemo\Debug\sZipDemo.exe" /INCREMENTAL /NOLOGO kernel32.lib user32.lib gdi32.lib winspool.lib comdlg32.lib advapi32.lib shell32.lib ole32.lib oleaut32.lib uuid.lib odbc32.lib odbccp32.lib /MANIFEST /ManifestFile:"Debug\sZipDemo.exe.intermediate.manifest" /MANIFESTUAC:"level='asInvoker' uiAccess='false'" /DEBUG /PDB:"B:\pan\数据结构上机实习\sZipDemo\Debug\sZipDemo.pdb" /SUBSYSTEM:CONSOLE /TLBID:1 /DYNAMICBASE /NXCOMPAT /IMPLIB:"B:\pan\数据结构上机实习\sZipDemo\Debug\sZipDemo.lib" /MACHINE:X86 Debug\sZipDemo.exe.embed.manifest.res
         Debug\HuffmanTree.obj
         Debug\MinHeap.obj
         Debug\stdafx.obj
         Debug\sZip.obj
         Debug\sZipDemo.obj
       Manifest:
         C:\Program Files (x86)\Microsoft SDKs\Windows\v7.0A\bin\mt.exe /nologo /verbose /out:"Debug\sZipDemo.exe.embed.manifest" /manifest Debug\sZipDemo.exe.intermediate.manifest
         所有输出均为最新。
       LinkEmbedManifest:
         所有输出均为最新。
         sZipDemo.vcxproj -> B:\pan\数据结构上机实习\sZipDemo\Debug\sZipDemo.exe
       FinalizeBuildStatus:
         正在删除文件“Debug\sZipDemo.unsuccessfulbuild”。
         正在对“Debug\sZipDemo.lastbuildstate”执行 Touch 任务。
     1>已完成生成项目“B:\pan\数据结构上机实习\sZipDemo\sZipDemo\sZipDemo.vcxproj”(build 个目标)的操作。

生成成功。

已用时间 00:00:01.29
